<?xml version="1.0" encoding="UTF-8"?>
<testsuite name="cz.zk.springmvcdemo.SpringmvcdemoApplicationTests" tests="1" skipped="0" failures="0" errors="0" timestamp="2021-03-24T18:20:13" hostname="DESKTOP-Q6GNDJQ" time="0.254">
  <properties/>
  <testcase name="contextLoads()" classname="cz.zk.springmvcdemo.SpringmvcdemoApplicationTests" time="0.254"/>
  <system-out><![CDATA[19:20:08.266 [Test worker] DEBUG org.springframework.test.context.BootstrapUtils - Instantiating CacheAwareContextLoaderDelegate from class [org.springframework.test.context.cache.DefaultCacheAwareContextLoaderDelegate]
19:20:08.286 [Test worker] DEBUG org.springframework.test.context.BootstrapUtils - Instantiating BootstrapContext using constructor [public org.springframework.test.context.support.DefaultBootstrapContext(java.lang.Class,org.springframework.test.context.CacheAwareContextLoaderDelegate)]
19:20:08.327 [Test worker] DEBUG org.springframework.test.context.BootstrapUtils - Instantiating TestContextBootstrapper for test class [cz.zk.springmvcdemo.SpringmvcdemoApplicationTests] from class [org.springframework.boot.test.context.SpringBootTestContextBootstrapper]
19:20:08.344 [Test worker] INFO org.springframework.boot.test.context.SpringBootTestContextBootstrapper - Neither @ContextConfiguration nor @ContextHierarchy found for test class [cz.zk.springmvcdemo.SpringmvcdemoApplicationTests], using SpringBootContextLoader
19:20:08.351 [Test worker] DEBUG org.springframework.test.context.support.AbstractContextLoader - Did not detect default resource location for test class [cz.zk.springmvcdemo.SpringmvcdemoApplicationTests]: class path resource [cz/zk/springmvcdemo/SpringmvcdemoApplicationTests-context.xml] does not exist
19:20:08.352 [Test worker] DEBUG org.springframework.test.context.support.AbstractContextLoader - Did not detect default resource location for test class [cz.zk.springmvcdemo.SpringmvcdemoApplicationTests]: class path resource [cz/zk/springmvcdemo/SpringmvcdemoApplicationTestsContext.groovy] does not exist
19:20:08.353 [Test worker] INFO org.springframework.test.context.support.AbstractContextLoader - Could not detect default resource locations for test class [cz.zk.springmvcdemo.SpringmvcdemoApplicationTests]: no resource found for suffixes {-context.xml, Context.groovy}.
19:20:08.354 [Test worker] INFO org.springframework.test.context.support.AnnotationConfigContextLoaderUtils - Could not detect default configuration classes for test class [cz.zk.springmvcdemo.SpringmvcdemoApplicationTests]: SpringmvcdemoApplicationTests does not declare any static, non-private, non-final, nested classes annotated with @Configuration.
19:20:08.412 [Test worker] DEBUG org.springframework.test.context.support.ActiveProfilesUtils - Could not find an 'annotation declaring class' for annotation type [org.springframework.test.context.ActiveProfiles] and class [cz.zk.springmvcdemo.SpringmvcdemoApplicationTests]
19:20:08.495 [Test worker] DEBUG org.springframework.context.annotation.ClassPathScanningCandidateComponentProvider - Identified candidate component class: file [C:\Java\Projects\RTL\rtl-enabler-emu\build\classes\java\main\cz\zk\springmvcdemo\SpringmvcdemoApplication.class]
19:20:08.498 [Test worker] INFO org.springframework.boot.test.context.SpringBootTestContextBootstrapper - Found @SpringBootConfiguration cz.zk.springmvcdemo.SpringmvcdemoApplication for test class cz.zk.springmvcdemo.SpringmvcdemoApplicationTests
19:20:08.639 [Test worker] DEBUG org.springframework.boot.test.context.SpringBootTestContextBootstrapper - @TestExecutionListeners is not present for class [cz.zk.springmvcdemo.SpringmvcdemoApplicationTests]: using defaults.
19:20:08.640 [Test worker] INFO org.springframework.boot.test.context.SpringBootTestContextBootstrapper - Loaded default TestExecutionListener class names from location [META-INF/spring.factories]: [org.springframework.boot.test.autoconfigure.restdocs.RestDocsTestExecutionListener, org.springframework.boot.test.autoconfigure.web.client.MockRestServiceServerResetTestExecutionListener, org.springframework.boot.test.autoconfigure.web.servlet.MockMvcPrintOnlyOnFailureTestExecutionListener, org.springframework.boot.test.autoconfigure.web.servlet.WebDriverTestExecutionListener, org.springframework.boot.test.autoconfigure.webservices.client.MockWebServiceServerTestExecutionListener, org.springframework.boot.test.mock.mockito.MockitoTestExecutionListener, org.springframework.boot.test.mock.mockito.ResetMocksTestExecutionListener, org.springframework.test.context.web.ServletTestExecutionListener, org.springframework.test.context.support.DirtiesContextBeforeModesTestExecutionListener, org.springframework.test.context.support.DependencyInjectionTestExecutionListener, org.springframework.test.context.support.DirtiesContextTestExecutionListener, org.springframework.test.context.transaction.TransactionalTestExecutionListener, org.springframework.test.context.jdbc.SqlScriptsTestExecutionListener, org.springframework.test.context.event.EventPublishingTestExecutionListener]
19:20:08.668 [Test worker] INFO org.springframework.boot.test.context.SpringBootTestContextBootstrapper - Using TestExecutionListeners: [org.springframework.test.context.web.ServletTestExecutionListener@7ed1ce4c, org.springframework.test.context.support.DirtiesContextBeforeModesTestExecutionListener@1249bd63, org.springframework.boot.test.mock.mockito.MockitoTestExecutionListener@81a6b14, org.springframework.boot.test.autoconfigure.SpringBootDependencyInjectionTestExecutionListener@6d79441f, org.springframework.test.context.support.DirtiesContextTestExecutionListener@1d2a5452, org.springframework.test.context.transaction.TransactionalTestExecutionListener@42d75031, org.springframework.test.context.jdbc.SqlScriptsTestExecutionListener@194ed1b4, org.springframework.test.context.event.EventPublishingTestExecutionListener@3e30273e, org.springframework.boot.test.autoconfigure.restdocs.RestDocsTestExecutionListener@71f77c6e, org.springframework.boot.test.autoconfigure.web.client.MockRestServiceServerResetTestExecutionListener@959ecb9, org.springframework.boot.test.autoconfigure.web.servlet.MockMvcPrintOnlyOnFailureTestExecutionListener@66755f57, org.springframework.boot.test.autoconfigure.web.servlet.WebDriverTestExecutionListener@59439d70, org.springframework.boot.test.autoconfigure.webservices.client.MockWebServiceServerTestExecutionListener@131d9e3a, org.springframework.boot.test.mock.mockito.ResetMocksTestExecutionListener@55e794c4]
19:20:08.673 [Test worker] DEBUG org.springframework.test.context.support.AbstractDirtiesContextTestExecutionListener - Before test class: context [DefaultTestContext@7063f8c0 testClass = SpringmvcdemoApplicationTests, testInstance = [null], testMethod = [null], testException = [null], mergedContextConfiguration = [WebMergedContextConfiguration@7f537ac4 testClass = SpringmvcdemoApplicationTests, locations = '{}', classes = '{class cz.zk.springmvcdemo.SpringmvcdemoApplication}', contextInitializerClasses = '[]', activeProfiles = '{}', propertySourceLocations = '{}', propertySourceProperties = '{org.springframework.boot.test.context.SpringBootTestContextBootstrapper=true}', contextCustomizers = set[org.springframework.boot.test.autoconfigure.actuate.metrics.MetricsExportContextCustomizerFactory$DisableMetricExportContextCustomizer@337152e1, org.springframework.boot.test.autoconfigure.properties.PropertyMappingContextCustomizer@0, org.springframework.boot.test.autoconfigure.web.servlet.WebDriverContextCustomizerFactory$Customizer@2401c9ff, org.springframework.boot.test.context.filter.ExcludeFilterContextCustomizer@47a6eb8e, org.springframework.boot.test.json.DuplicateJsonObjectContextCustomizerFactory$DuplicateJsonObjectContextCustomizer@3da93e58, org.springframework.boot.test.mock.mockito.MockitoContextCustomizer@0, org.springframework.boot.test.web.client.TestRestTemplateContextCustomizer@157710e6, org.springframework.boot.test.web.reactive.server.WebTestClientContextCustomizer@d19252d, org.springframework.boot.test.context.SpringBootTestArgs@1, org.springframework.boot.test.context.SpringBootTestWebEnvironment@78bd2621], resourceBasePath = 'src/main/webapp', contextLoader = 'org.springframework.boot.test.context.SpringBootContextLoader', parent = [null]], attributes = map['org.springframework.test.context.web.ServletTestExecutionListener.activateListener' -> true]], class annotated with @DirtiesContext [false] with mode [null].
19:20:08.710 [Test worker] DEBUG org.springframework.test.context.support.TestPropertySourceUtils - Adding inlined properties to environment: {spring.jmx.enabled=false, org.springframework.boot.test.context.SpringBootTestContextBootstrapper=true}

    ____   ______   __           ______                        __           __
   / __ \ /_  __/  / /          / ____/  ____ ___   __  __   / /  ____ _  / /_  ____    _____
  / /_/ /  / /    / /   ______ / __/    / __ `__ \ / / / /  / /  / __ `/ / __/ / __ \  / ___/
 / _, _/  / /    / /___/_____// /___   / / / / / // /_/ /  / /  / /_/ / / /_  / /_/ / / /
/_/ |_|  /_/    /_____/      /_____/  /_/ /_/ /_/ \__,_/  /_/   \__,_/  \__/  \____/ /_/


2021-03-24 19:20:09.046  INFO 22200 --- [    Test worker] c.z.s.SpringmvcdemoApplicationTests      : Starting SpringmvcdemoApplicationTests using Java 1.8.0_201 on DESKTOP-Q6GNDJQ with PID 22200 (started by z-kla in C:\Java\Projects\RTL\rtl-enabler-emu)
2021-03-24 19:20:09.049  INFO 22200 --- [    Test worker] c.z.s.SpringmvcdemoApplicationTests      : No active profile set, falling back to default profiles: default
2021-03-24 19:20:10.362  INFO 22200 --- [    Test worker] faultConfiguringBeanFactoryPostProcessor : No bean named 'errorChannel' has been explicitly defined. Therefore, a default PublishSubscribeChannel will be created.
2021-03-24 19:20:10.377  INFO 22200 --- [    Test worker] faultConfiguringBeanFactoryPostProcessor : No bean named 'integrationHeaderChannelRegistry' has been explicitly defined. Therefore, a default DefaultHeaderChannelRegistry will be created.
2021-03-24 19:20:10.466  INFO 22200 --- [    Test worker] trationDelegate$BeanPostProcessorChecker : Bean 'integrationChannelResolver' of type [org.springframework.integration.support.channel.BeanFactoryChannelResolver] is not eligible for getting processed by all BeanPostProcessors (for example: not eligible for auto-proxying)
2021-03-24 19:20:10.471  INFO 22200 --- [    Test worker] trationDelegate$BeanPostProcessorChecker : Bean 'integrationDisposableAutoCreatedBeans' of type [org.springframework.integration.config.annotation.Disposables] is not eligible for getting processed by all BeanPostProcessors (for example: not eligible for auto-proxying)
2021-03-24 19:20:10.505  INFO 22200 --- [    Test worker] trationDelegate$BeanPostProcessorChecker : Bean 'org.springframework.integration.config.IntegrationManagementConfiguration' of type [org.springframework.integration.config.IntegrationManagementConfiguration] is not eligible for getting processed by all BeanPostProcessors (for example: not eligible for auto-proxying)
2021-03-24 19:20:11.816  INFO 22200 --- [    Test worker] o.s.s.concurrent.ThreadPoolTaskExecutor  : Initializing ExecutorService 'applicationTaskExecutor'
2021-03-24 19:20:12.867  INFO 22200 --- [    Test worker] o.s.s.c.ThreadPoolTaskScheduler          : Initializing ExecutorService 'taskScheduler'
2021-03-24 19:20:13.009  INFO 22200 --- [    Test worker] o.s.b.a.e.web.EndpointLinksResolver      : Exposing 14 endpoint(s) beneath base path '/actuator'
2021-03-24 19:20:13.351  INFO 22200 --- [    Test worker] o.s.i.endpoint.EventDrivenConsumer       : Adding {logging-channel-adapter:_org.springframework.integration.errorLogger} as a subscriber to the 'errorChannel' channel
2021-03-24 19:20:13.351  INFO 22200 --- [    Test worker] o.s.i.channel.PublishSubscribeChannel    : Channel 'application.errorChannel' has 1 subscriber(s).
2021-03-24 19:20:13.352  INFO 22200 --- [    Test worker] o.s.i.endpoint.EventDrivenConsumer       : started bean '_org.springframework.integration.errorLogger'
2021-03-24 19:20:13.352  INFO 22200 --- [    Test worker] o.s.i.endpoint.EventDrivenConsumer       : Adding {service-activator:udpInboundMessageHandler.handleMessage8888.serviceActivator} as a subscriber to the 'udpPort8888' channel
2021-03-24 19:20:13.352  INFO 22200 --- [    Test worker] o.s.integration.channel.DirectChannel    : Channel 'application.udpPort8888' has 1 subscriber(s).
2021-03-24 19:20:13.352  INFO 22200 --- [    Test worker] o.s.i.endpoint.EventDrivenConsumer       : started bean 'udpInboundMessageHandler.handleMessage8888.serviceActivator'
2021-03-24 19:20:13.352  INFO 22200 --- [    Test worker] o.s.i.endpoint.EventDrivenConsumer       : Adding {service-activator:udpInboundMessageHandler.handleMessage.serviceActivator} as a subscriber to the 'udpPort7777' channel
2021-03-24 19:20:13.353  INFO 22200 --- [    Test worker] o.s.integration.channel.DirectChannel    : Channel 'application.udpPort7777' has 1 subscriber(s).
2021-03-24 19:20:13.353  INFO 22200 --- [    Test worker] o.s.i.endpoint.EventDrivenConsumer       : started bean 'udpInboundMessageHandler.handleMessage.serviceActivator'
2021-03-24 19:20:13.354  INFO 22200 --- [    Test worker] o.s.i.i.u.UnicastReceivingChannelAdapter : started bean 'udpReceivingAdapter7777'; defined in: 'class path resource [cz/zk/springmvcdemo/configuration/UdpConfig.class]'; from source: 'org.springframework.core.type.classreading.SimpleMethodMetadata@5e88d803'
2021-03-24 19:20:13.354  INFO 22200 --- [    Test worker] o.s.i.i.u.UnicastReceivingChannelAdapter : started bean 'udpReceivingAdapter8888'; defined in: 'class path resource [cz/zk/springmvcdemo/configuration/UdpConfig.class]'; from source: 'org.springframework.core.type.classreading.SimpleMethodMetadata@51f38c33'
2021-03-24 19:20:13.387  INFO 22200 --- [    Test worker] c.z.s.SpringmvcdemoApplicationTests      : Started SpringmvcdemoApplicationTests in 4.67 seconds (JVM running for 6.347)
]]></system-out>
  <system-err><![CDATA[Exception in thread "udpReceivingAdapter7777-ip:udp-inbound-channel-adapter" org.springframework.messaging.MessagingException: failed to create DatagramSocket; nested exception is java.net.BindException: Address already in use: Cannot bind
	at org.springframework.integration.ip.udp.UnicastReceivingChannelAdapter.getSocket(UnicastReceivingChannelAdapter.java:267)
	at org.springframework.integration.ip.udp.UnicastReceivingChannelAdapter.run(UnicastReceivingChannelAdapter.java:127)
	at java.util.concurrent.ThreadPoolExecutor.runWorker(ThreadPoolExecutor.java:1149)
	at java.util.concurrent.ThreadPoolExecutor$Worker.run(ThreadPoolExecutor.java:624)
	at java.lang.Thread.run(Thread.java:748)
Caused by: java.net.BindException: Address already in use: Cannot bind
	at java.net.DualStackPlainDatagramSocketImpl.socketBind(Native Method)
	at java.net.DualStackPlainDatagramSocketImpl.bind0(DualStackPlainDatagramSocketImpl.java:84)
	at java.net.AbstractPlainDatagramSocketImpl.bind(AbstractPlainDatagramSocketImpl.java:93)
	at java.net.DatagramSocket.bind(DatagramSocket.java:392)
	at java.net.DatagramSocket.<init>(DatagramSocket.java:242)
	at java.net.DatagramSocket.<init>(DatagramSocket.java:299)
	at java.net.DatagramSocket.<init>(DatagramSocket.java:271)
	at org.springframework.integration.ip.udp.UnicastReceivingChannelAdapter.getSocket(UnicastReceivingChannelAdapter.java:257)
	... 4 more
Exception in thread "udpReceivingAdapter8888-ip:udp-inbound-channel-adapter" org.springframework.messaging.MessagingException: failed to create DatagramSocket; nested exception is java.net.BindException: Address already in use: Cannot bind
	at org.springframework.integration.ip.udp.UnicastReceivingChannelAdapter.getSocket(UnicastReceivingChannelAdapter.java:267)
	at org.springframework.integration.ip.udp.UnicastReceivingChannelAdapter.run(UnicastReceivingChannelAdapter.java:127)
	at java.util.concurrent.ThreadPoolExecutor.runWorker(ThreadPoolExecutor.java:1149)
	at java.util.concurrent.ThreadPoolExecutor$Worker.run(ThreadPoolExecutor.java:624)
	at java.lang.Thread.run(Thread.java:748)
Caused by: java.net.BindException: Address already in use: Cannot bind
	at java.net.DualStackPlainDatagramSocketImpl.socketBind(Native Method)
	at java.net.DualStackPlainDatagramSocketImpl.bind0(DualStackPlainDatagramSocketImpl.java:84)
	at java.net.AbstractPlainDatagramSocketImpl.bind(AbstractPlainDatagramSocketImpl.java:93)
	at java.net.DatagramSocket.bind(DatagramSocket.java:392)
	at java.net.DatagramSocket.<init>(DatagramSocket.java:242)
	at java.net.DatagramSocket.<init>(DatagramSocket.java:299)
	at java.net.DatagramSocket.<init>(DatagramSocket.java:271)
	at org.springframework.integration.ip.udp.UnicastReceivingChannelAdapter.getSocket(UnicastReceivingChannelAdapter.java:257)
	... 4 more
]]></system-err>
</testsuite>
