<?xml version="1.0" encoding="UTF-8"?>
<testsuite name="cz.zk.springmvcdemo.SpringmvcdemoApplicationTests" tests="1" skipped="0" failures="0" errors="0" timestamp="2020-12-02T19:57:55" hostname="DESKTOP-Q6GNDJQ" time="0.218">
  <properties/>
  <testcase name="contextLoads()" classname="cz.zk.springmvcdemo.SpringmvcdemoApplicationTests" time="0.218"/>
  <system-out><![CDATA[20:57:52.499 [Test worker] DEBUG org.springframework.test.context.BootstrapUtils - Instantiating CacheAwareContextLoaderDelegate from class [org.springframework.test.context.cache.DefaultCacheAwareContextLoaderDelegate]
20:57:52.517 [Test worker] DEBUG org.springframework.test.context.BootstrapUtils - Instantiating BootstrapContext using constructor [public org.springframework.test.context.support.DefaultBootstrapContext(java.lang.Class,org.springframework.test.context.CacheAwareContextLoaderDelegate)]
20:57:52.556 [Test worker] DEBUG org.springframework.test.context.BootstrapUtils - Instantiating TestContextBootstrapper for test class [cz.zk.springmvcdemo.SpringmvcdemoApplicationTests] from class [org.springframework.boot.test.context.SpringBootTestContextBootstrapper]
20:57:52.572 [Test worker] INFO org.springframework.boot.test.context.SpringBootTestContextBootstrapper - Neither @ContextConfiguration nor @ContextHierarchy found for test class [cz.zk.springmvcdemo.SpringmvcdemoApplicationTests], using SpringBootContextLoader
20:57:52.577 [Test worker] DEBUG org.springframework.test.context.support.AbstractContextLoader - Did not detect default resource location for test class [cz.zk.springmvcdemo.SpringmvcdemoApplicationTests]: class path resource [cz/zk/springmvcdemo/SpringmvcdemoApplicationTests-context.xml] does not exist
20:57:52.577 [Test worker] DEBUG org.springframework.test.context.support.AbstractContextLoader - Did not detect default resource location for test class [cz.zk.springmvcdemo.SpringmvcdemoApplicationTests]: class path resource [cz/zk/springmvcdemo/SpringmvcdemoApplicationTestsContext.groovy] does not exist
20:57:52.577 [Test worker] INFO org.springframework.test.context.support.AbstractContextLoader - Could not detect default resource locations for test class [cz.zk.springmvcdemo.SpringmvcdemoApplicationTests]: no resource found for suffixes {-context.xml, Context.groovy}.
20:57:52.578 [Test worker] INFO org.springframework.test.context.support.AnnotationConfigContextLoaderUtils - Could not detect default configuration classes for test class [cz.zk.springmvcdemo.SpringmvcdemoApplicationTests]: SpringmvcdemoApplicationTests does not declare any static, non-private, non-final, nested classes annotated with @Configuration.
20:57:52.630 [Test worker] DEBUG org.springframework.test.context.support.ActiveProfilesUtils - Could not find an 'annotation declaring class' for annotation type [org.springframework.test.context.ActiveProfiles] and class [cz.zk.springmvcdemo.SpringmvcdemoApplicationTests]
20:57:52.706 [Test worker] DEBUG org.springframework.context.annotation.ClassPathScanningCandidateComponentProvider - Identified candidate component class: file [C:\Java\Projects\Zdenda\SpringTests\mvc\mvc01\build\classes\java\main\cz\zk\springmvcdemo\SpringmvcdemoApplication.class]
20:57:52.710 [Test worker] INFO org.springframework.boot.test.context.SpringBootTestContextBootstrapper - Found @SpringBootConfiguration cz.zk.springmvcdemo.SpringmvcdemoApplication for test class cz.zk.springmvcdemo.SpringmvcdemoApplicationTests
20:57:52.850 [Test worker] DEBUG org.springframework.boot.test.context.SpringBootTestContextBootstrapper - @TestExecutionListeners is not present for class [cz.zk.springmvcdemo.SpringmvcdemoApplicationTests]: using defaults.
20:57:52.851 [Test worker] INFO org.springframework.boot.test.context.SpringBootTestContextBootstrapper - Loaded default TestExecutionListener class names from location [META-INF/spring.factories]: [org.springframework.boot.test.autoconfigure.restdocs.RestDocsTestExecutionListener, org.springframework.boot.test.autoconfigure.web.client.MockRestServiceServerResetTestExecutionListener, org.springframework.boot.test.autoconfigure.web.servlet.MockMvcPrintOnlyOnFailureTestExecutionListener, org.springframework.boot.test.autoconfigure.web.servlet.WebDriverTestExecutionListener, org.springframework.boot.test.autoconfigure.webservices.client.MockWebServiceServerTestExecutionListener, org.springframework.boot.test.mock.mockito.MockitoTestExecutionListener, org.springframework.boot.test.mock.mockito.ResetMocksTestExecutionListener, org.springframework.test.context.web.ServletTestExecutionListener, org.springframework.test.context.support.DirtiesContextBeforeModesTestExecutionListener, org.springframework.test.context.support.DependencyInjectionTestExecutionListener, org.springframework.test.context.support.DirtiesContextTestExecutionListener, org.springframework.test.context.transaction.TransactionalTestExecutionListener, org.springframework.test.context.jdbc.SqlScriptsTestExecutionListener, org.springframework.test.context.event.EventPublishingTestExecutionListener]
20:57:52.866 [Test worker] DEBUG org.springframework.boot.test.context.SpringBootTestContextBootstrapper - Skipping candidate TestExecutionListener [org.springframework.test.context.transaction.TransactionalTestExecutionListener] due to a missing dependency. Specify custom listener classes or make the default listener classes and their required dependencies available. Offending class: [org/springframework/transaction/interceptor/TransactionAttributeSource]
20:57:52.867 [Test worker] DEBUG org.springframework.boot.test.context.SpringBootTestContextBootstrapper - Skipping candidate TestExecutionListener [org.springframework.test.context.jdbc.SqlScriptsTestExecutionListener] due to a missing dependency. Specify custom listener classes or make the default listener classes and their required dependencies available. Offending class: [org/springframework/transaction/interceptor/TransactionAttribute]
20:57:52.867 [Test worker] INFO org.springframework.boot.test.context.SpringBootTestContextBootstrapper - Using TestExecutionListeners: [org.springframework.test.context.web.ServletTestExecutionListener@2b4e855, org.springframework.test.context.support.DirtiesContextBeforeModesTestExecutionListener@588a330d, org.springframework.boot.test.mock.mockito.MockitoTestExecutionListener@7ea4333, org.springframework.boot.test.autoconfigure.SpringBootDependencyInjectionTestExecutionListener@3b2582ab, org.springframework.test.context.support.DirtiesContextTestExecutionListener@1ef623da, org.springframework.test.context.event.EventPublishingTestExecutionListener@17ed7952, org.springframework.boot.test.autoconfigure.restdocs.RestDocsTestExecutionListener@424b4347, org.springframework.boot.test.autoconfigure.web.client.MockRestServiceServerResetTestExecutionListener@55ecb17f, org.springframework.boot.test.autoconfigure.web.servlet.MockMvcPrintOnlyOnFailureTestExecutionListener@7a2ba0eb, org.springframework.boot.test.autoconfigure.web.servlet.WebDriverTestExecutionListener@6f06115, org.springframework.boot.test.autoconfigure.webservices.client.MockWebServiceServerTestExecutionListener@1e395bf7, org.springframework.boot.test.mock.mockito.ResetMocksTestExecutionListener@2e6e7606]
20:57:52.872 [Test worker] DEBUG org.springframework.test.context.support.AbstractDirtiesContextTestExecutionListener - Before test class: context [DefaultTestContext@699b3350 testClass = SpringmvcdemoApplicationTests, testInstance = [null], testMethod = [null], testException = [null], mergedContextConfiguration = [WebMergedContextConfiguration@54f16be9 testClass = SpringmvcdemoApplicationTests, locations = '{}', classes = '{class cz.zk.springmvcdemo.SpringmvcdemoApplication}', contextInitializerClasses = '[]', activeProfiles = '{}', propertySourceLocations = '{}', propertySourceProperties = '{org.springframework.boot.test.context.SpringBootTestContextBootstrapper=true}', contextCustomizers = set[org.springframework.boot.test.autoconfigure.actuate.metrics.MetricsExportContextCustomizerFactory$DisableMetricExportContextCustomizer@465d4330, org.springframework.boot.test.autoconfigure.properties.PropertyMappingContextCustomizer@0, org.springframework.boot.test.autoconfigure.web.servlet.WebDriverContextCustomizerFactory$Customizer@63dd6ea0, org.springframework.boot.test.context.filter.ExcludeFilterContextCustomizer@e52c5c8, org.springframework.boot.test.json.DuplicateJsonObjectContextCustomizerFactory$DuplicateJsonObjectContextCustomizer@473eb52c, org.springframework.boot.test.mock.mockito.MockitoContextCustomizer@0, org.springframework.boot.test.web.client.TestRestTemplateContextCustomizer@1e00dfd9, org.springframework.boot.test.web.reactive.server.WebTestClientContextCustomizer@40d3d5, org.springframework.boot.test.context.SpringBootTestArgs@1, org.springframework.boot.test.context.SpringBootTestWebEnvironment@4b9ee596], resourceBasePath = 'src/main/webapp', contextLoader = 'org.springframework.boot.test.context.SpringBootContextLoader', parent = [null]], attributes = map['org.springframework.test.context.web.ServletTestExecutionListener.activateListener' -> true]], class annotated with @DirtiesContext [false] with mode [null].
20:57:52.909 [Test worker] DEBUG org.springframework.test.context.support.TestPropertySourceUtils - Adding inlined properties to environment: {spring.jmx.enabled=false, org.springframework.boot.test.context.SpringBootTestContextBootstrapper=true}

  .   ____          _            __ _ _
 /\\ / ___'_ __ _ _(_)_ __  __ _ \ \ \ \
( ( )\___ | '_ | '_| | '_ \/ _` | \ \ \ \
 \\/  ___)| |_)| | | | | || (_| |  ) ) ) )
  '  |____| .__|_| |_|_| |_\__, | / / / /
 =========|_|==============|___/=/_/_/_/
 :: Spring Boot ::                (v2.4.0)

2020-12-02 20:57:53.196  INFO 12052 --- [    Test worker] c.z.s.SpringmvcdemoApplicationTests      : Starting SpringmvcdemoApplicationTests using Java 1.8.0_201 on DESKTOP-Q6GNDJQ with PID 12052 (started by z-kla in C:\Java\Projects\Zdenda\SpringTests\mvc\mvc01)
2020-12-02 20:57:53.226  INFO 12052 --- [    Test worker] c.z.s.SpringmvcdemoApplicationTests      : No active profile set, falling back to default profiles: default
2020-12-02 20:57:54.755  INFO 12052 --- [    Test worker] o.s.s.concurrent.ThreadPoolTaskExecutor  : Initializing ExecutorService 'applicationTaskExecutor'
2020-12-02 20:57:55.261  INFO 12052 --- [    Test worker] o.s.s.c.ThreadPoolTaskScheduler          : Initializing ExecutorService 'taskScheduler'
2020-12-02 20:57:55.431  INFO 12052 --- [   scheduling-1] c.z.s.service.ScheduledTasks             : ### Timer 10 Seconds .....
2020-12-02 20:57:55.435  INFO 12052 --- [    Test worker] c.z.s.SpringmvcdemoApplicationTests      : Started SpringmvcdemoApplicationTests in 2.518 seconds (JVM running for 3.893)
]]></system-out>
  <system-err><![CDATA[]]></system-err>
</testsuite>
