<?xml version="1.0" encoding="UTF-8"?>
<testsuite name="cz.zk.springmvcdemo.SpringmvcdemoApplicationTests" tests="1" skipped="0" failures="0" errors="0" timestamp="2021-03-23T15:17:32" hostname="zdenek-desktop" time="0.119">
  <properties/>
  <testcase name="contextLoads()" classname="cz.zk.springmvcdemo.SpringmvcdemoApplicationTests" time="0.119"/>
  <system-out><![CDATA[16:17:29.192 [Test worker] DEBUG org.springframework.test.context.BootstrapUtils - Instantiating CacheAwareContextLoaderDelegate from class [org.springframework.test.context.cache.DefaultCacheAwareContextLoaderDelegate]
16:17:29.204 [Test worker] DEBUG org.springframework.test.context.BootstrapUtils - Instantiating BootstrapContext using constructor [public org.springframework.test.context.support.DefaultBootstrapContext(java.lang.Class,org.springframework.test.context.CacheAwareContextLoaderDelegate)]
16:17:29.230 [Test worker] DEBUG org.springframework.test.context.BootstrapUtils - Instantiating TestContextBootstrapper for test class [cz.zk.springmvcdemo.SpringmvcdemoApplicationTests] from class [org.springframework.boot.test.context.SpringBootTestContextBootstrapper]
16:17:29.239 [Test worker] INFO org.springframework.boot.test.context.SpringBootTestContextBootstrapper - Neither @ContextConfiguration nor @ContextHierarchy found for test class [cz.zk.springmvcdemo.SpringmvcdemoApplicationTests], using SpringBootContextLoader
16:17:29.243 [Test worker] DEBUG org.springframework.test.context.support.AbstractContextLoader - Did not detect default resource location for test class [cz.zk.springmvcdemo.SpringmvcdemoApplicationTests]: class path resource [cz/zk/springmvcdemo/SpringmvcdemoApplicationTests-context.xml] does not exist
16:17:29.243 [Test worker] DEBUG org.springframework.test.context.support.AbstractContextLoader - Did not detect default resource location for test class [cz.zk.springmvcdemo.SpringmvcdemoApplicationTests]: class path resource [cz/zk/springmvcdemo/SpringmvcdemoApplicationTestsContext.groovy] does not exist
16:17:29.244 [Test worker] INFO org.springframework.test.context.support.AbstractContextLoader - Could not detect default resource locations for test class [cz.zk.springmvcdemo.SpringmvcdemoApplicationTests]: no resource found for suffixes {-context.xml, Context.groovy}.
16:17:29.244 [Test worker] INFO org.springframework.test.context.support.AnnotationConfigContextLoaderUtils - Could not detect default configuration classes for test class [cz.zk.springmvcdemo.SpringmvcdemoApplicationTests]: SpringmvcdemoApplicationTests does not declare any static, non-private, non-final, nested classes annotated with @Configuration.
16:17:29.282 [Test worker] DEBUG org.springframework.test.context.support.ActiveProfilesUtils - Could not find an 'annotation declaring class' for annotation type [org.springframework.test.context.ActiveProfiles] and class [cz.zk.springmvcdemo.SpringmvcdemoApplicationTests]
16:17:29.325 [Test worker] DEBUG org.springframework.context.annotation.ClassPathScanningCandidateComponentProvider - Identified candidate component class: file [/home/zdenek/rtl/rtl-emulator/rtl-enabler-emu/build/classes/java/main/cz/zk/springmvcdemo/SpringmvcdemoApplication.class]
16:17:29.326 [Test worker] INFO org.springframework.boot.test.context.SpringBootTestContextBootstrapper - Found @SpringBootConfiguration cz.zk.springmvcdemo.SpringmvcdemoApplication for test class cz.zk.springmvcdemo.SpringmvcdemoApplicationTests
16:17:29.397 [Test worker] DEBUG org.springframework.boot.test.context.SpringBootTestContextBootstrapper - @TestExecutionListeners is not present for class [cz.zk.springmvcdemo.SpringmvcdemoApplicationTests]: using defaults.
16:17:29.397 [Test worker] INFO org.springframework.boot.test.context.SpringBootTestContextBootstrapper - Loaded default TestExecutionListener class names from location [META-INF/spring.factories]: [org.springframework.boot.test.autoconfigure.restdocs.RestDocsTestExecutionListener, org.springframework.boot.test.autoconfigure.web.client.MockRestServiceServerResetTestExecutionListener, org.springframework.boot.test.autoconfigure.web.servlet.MockMvcPrintOnlyOnFailureTestExecutionListener, org.springframework.boot.test.autoconfigure.web.servlet.WebDriverTestExecutionListener, org.springframework.boot.test.autoconfigure.webservices.client.MockWebServiceServerTestExecutionListener, org.springframework.boot.test.mock.mockito.MockitoTestExecutionListener, org.springframework.boot.test.mock.mockito.ResetMocksTestExecutionListener, org.springframework.test.context.web.ServletTestExecutionListener, org.springframework.test.context.support.DirtiesContextBeforeModesTestExecutionListener, org.springframework.test.context.support.DependencyInjectionTestExecutionListener, org.springframework.test.context.support.DirtiesContextTestExecutionListener, org.springframework.test.context.transaction.TransactionalTestExecutionListener, org.springframework.test.context.jdbc.SqlScriptsTestExecutionListener, org.springframework.test.context.event.EventPublishingTestExecutionListener]
16:17:29.409 [Test worker] INFO org.springframework.boot.test.context.SpringBootTestContextBootstrapper - Using TestExecutionListeners: [org.springframework.test.context.web.ServletTestExecutionListener@785aead4, org.springframework.test.context.support.DirtiesContextBeforeModesTestExecutionListener@79cb5442, org.springframework.boot.test.mock.mockito.MockitoTestExecutionListener@2dac2d47, org.springframework.boot.test.autoconfigure.SpringBootDependencyInjectionTestExecutionListener@af8d0d1, org.springframework.test.context.support.DirtiesContextTestExecutionListener@255b9710, org.springframework.test.context.transaction.TransactionalTestExecutionListener@691aebd, org.springframework.test.context.jdbc.SqlScriptsTestExecutionListener@4a9b7d3d, org.springframework.test.context.event.EventPublishingTestExecutionListener@62942e7, org.springframework.boot.test.autoconfigure.restdocs.RestDocsTestExecutionListener@7fb3b625, org.springframework.boot.test.autoconfigure.web.client.MockRestServiceServerResetTestExecutionListener@74dc1b28, org.springframework.boot.test.autoconfigure.web.servlet.MockMvcPrintOnlyOnFailureTestExecutionListener@65bfe21b, org.springframework.boot.test.autoconfigure.web.servlet.WebDriverTestExecutionListener@29cdba31, org.springframework.boot.test.autoconfigure.webservices.client.MockWebServiceServerTestExecutionListener@4b2d33b3, org.springframework.boot.test.mock.mockito.ResetMocksTestExecutionListener@5f3c64a5]
16:17:29.419 [Test worker] DEBUG org.springframework.test.context.support.AbstractDirtiesContextTestExecutionListener - Before test class: context [DefaultTestContext@78171a44 testClass = SpringmvcdemoApplicationTests, testInstance = [null], testMethod = [null], testException = [null], mergedContextConfiguration = [WebMergedContextConfiguration@264b15d0 testClass = SpringmvcdemoApplicationTests, locations = '{}', classes = '{class cz.zk.springmvcdemo.SpringmvcdemoApplication}', contextInitializerClasses = '[]', activeProfiles = '{}', propertySourceLocations = '{}', propertySourceProperties = '{org.springframework.boot.test.context.SpringBootTestContextBootstrapper=true}', contextCustomizers = set[org.springframework.boot.test.autoconfigure.actuate.metrics.MetricsExportContextCustomizerFactory$DisableMetricExportContextCustomizer@51b4a3e0, org.springframework.boot.test.autoconfigure.properties.PropertyMappingContextCustomizer@0, org.springframework.boot.test.autoconfigure.web.servlet.WebDriverContextCustomizerFactory$Customizer@57f99b2, org.springframework.boot.test.context.filter.ExcludeFilterContextCustomizer@7e6c0723, org.springframework.boot.test.json.DuplicateJsonObjectContextCustomizerFactory$DuplicateJsonObjectContextCustomizer@4ecd9dfa, org.springframework.boot.test.mock.mockito.MockitoContextCustomizer@0, org.springframework.boot.test.web.client.TestRestTemplateContextCustomizer@8c6cc52, org.springframework.boot.test.web.reactive.server.WebTestClientContextCustomizer@360300b9, org.springframework.boot.test.context.SpringBootTestArgs@1, org.springframework.boot.test.context.SpringBootTestWebEnvironment@602ce48f], resourceBasePath = 'src/main/webapp', contextLoader = 'org.springframework.boot.test.context.SpringBootContextLoader', parent = [null]], attributes = map['org.springframework.test.context.web.ServletTestExecutionListener.activateListener' -> true]], class annotated with @DirtiesContext [false] with mode [null].
16:17:29.439 [Test worker] DEBUG org.springframework.test.context.support.TestPropertySourceUtils - Adding inlined properties to environment: {spring.jmx.enabled=false, org.springframework.boot.test.context.SpringBootTestContextBootstrapper=true}

    ____   ______    __           ____             _        __                  ______                        __           __
   / __ \ /_  __/   / /          / __ \  __  __   (_)  ____/ /  ____           / ____/   ____ ___   __  __   / /  ____ _  / /_  ____    _____
  / /_/ /  / /     / /   ______ / / / / / / / /  / /  / __  /  / __ \         / __/     / __ `__ \ / / / /  / /  / __ `/ / __/ / __ \  / ___/
 / _, _/  / /     / /___/_____// /_/ / / /_/ /  / /  / /_/ /  / /_/ /        / /___    / / / / / // /_/ /  / /  / /_/ / / /_  / /_/ / / /
/_/ |_|  /_/     /_____/       \___\_\ \__,_/  /_/   \__,_/   \____/        /_____/   /_/ /_/ /_/ \__,_/  /_/   \__,_/  \__/  \____/ /_/


2021-03-23 16:17:29.669  INFO 131733 --- [    Test worker] c.z.s.SpringmvcdemoApplicationTests      : Starting SpringmvcdemoApplicationTests using Java 1.8.0_271 on zdenek-desktop with PID 131733 (started by zdenek in /home/zdenek/rtl/rtl-emulator/rtl-enabler-emu)
2021-03-23 16:17:29.672  INFO 131733 --- [    Test worker] c.z.s.SpringmvcdemoApplicationTests      : No active profile set, falling back to default profiles: default
2021-03-23 16:17:30.561  INFO 131733 --- [    Test worker] faultConfiguringBeanFactoryPostProcessor : No bean named 'errorChannel' has been explicitly defined. Therefore, a default PublishSubscribeChannel will be created.
2021-03-23 16:17:30.568  INFO 131733 --- [    Test worker] faultConfiguringBeanFactoryPostProcessor : No bean named 'integrationHeaderChannelRegistry' has been explicitly defined. Therefore, a default DefaultHeaderChannelRegistry will be created.
2021-03-23 16:17:30.621  INFO 131733 --- [    Test worker] trationDelegate$BeanPostProcessorChecker : Bean 'integrationChannelResolver' of type [org.springframework.integration.support.channel.BeanFactoryChannelResolver] is not eligible for getting processed by all BeanPostProcessors (for example: not eligible for auto-proxying)
2021-03-23 16:17:30.625  INFO 131733 --- [    Test worker] trationDelegate$BeanPostProcessorChecker : Bean 'integrationDisposableAutoCreatedBeans' of type [org.springframework.integration.config.annotation.Disposables] is not eligible for getting processed by all BeanPostProcessors (for example: not eligible for auto-proxying)
2021-03-23 16:17:30.643  INFO 131733 --- [    Test worker] trationDelegate$BeanPostProcessorChecker : Bean 'org.springframework.integration.config.IntegrationManagementConfiguration' of type [org.springframework.integration.config.IntegrationManagementConfiguration] is not eligible for getting processed by all BeanPostProcessors (for example: not eligible for auto-proxying)
2021-03-23 16:17:31.504  INFO 131733 --- [    Test worker] o.s.s.concurrent.ThreadPoolTaskExecutor  : Initializing ExecutorService 'applicationTaskExecutor'
2021-03-23 16:17:32.053  INFO 131733 --- [    Test worker] o.s.s.c.ThreadPoolTaskScheduler          : Initializing ExecutorService 'taskScheduler'
2021-03-23 16:17:32.114  INFO 131733 --- [    Test worker] o.s.b.a.e.web.EndpointLinksResolver      : Exposing 14 endpoint(s) beneath base path '/actuator'
2021-03-23 16:17:32.263  INFO 131733 --- [    Test worker] o.s.i.endpoint.EventDrivenConsumer       : Adding {logging-channel-adapter:_org.springframework.integration.errorLogger} as a subscriber to the 'errorChannel' channel
2021-03-23 16:17:32.263  INFO 131733 --- [    Test worker] o.s.i.channel.PublishSubscribeChannel    : Channel 'application.errorChannel' has 1 subscriber(s).
2021-03-23 16:17:32.263  INFO 131733 --- [    Test worker] o.s.i.endpoint.EventDrivenConsumer       : started bean '_org.springframework.integration.errorLogger'
2021-03-23 16:17:32.263  INFO 131733 --- [    Test worker] o.s.i.endpoint.EventDrivenConsumer       : Adding {service-activator:udpInboundMessageHandler.handleMessage.serviceActivator} as a subscriber to the 'udpPort7777' channel
2021-03-23 16:17:32.264  INFO 131733 --- [    Test worker] o.s.integration.channel.DirectChannel    : Channel 'application.udpPort7777' has 1 subscriber(s).
2021-03-23 16:17:32.264  INFO 131733 --- [    Test worker] o.s.i.endpoint.EventDrivenConsumer       : started bean 'udpInboundMessageHandler.handleMessage.serviceActivator'
2021-03-23 16:17:32.264  INFO 131733 --- [    Test worker] o.s.i.endpoint.EventDrivenConsumer       : Adding {service-activator:udpInboundMessageHandler.handleMessage8888.serviceActivator} as a subscriber to the 'udpPort8888' channel
2021-03-23 16:17:32.264  INFO 131733 --- [    Test worker] o.s.integration.channel.DirectChannel    : Channel 'application.udpPort8888' has 1 subscriber(s).
2021-03-23 16:17:32.264  INFO 131733 --- [    Test worker] o.s.i.endpoint.EventDrivenConsumer       : started bean 'udpInboundMessageHandler.handleMessage8888.serviceActivator'
2021-03-23 16:17:32.265  INFO 131733 --- [    Test worker] o.s.i.i.u.UnicastReceivingChannelAdapter : started bean 'udpReceivingAdapter7777'; defined in: 'class path resource [cz/zk/springmvcdemo/configuration/UdpConfig.class]'; from source: 'org.springframework.core.type.classreading.SimpleMethodMetadata@5658cc7b'
2021-03-23 16:17:32.265  INFO 131733 --- [    Test worker] o.s.i.i.u.UnicastReceivingChannelAdapter : started bean 'udpReceivingAdapter8888'; defined in: 'class path resource [cz/zk/springmvcdemo/configuration/UdpConfig.class]'; from source: 'org.springframework.core.type.classreading.SimpleMethodMetadata@51cf42f2'
2021-03-23 16:17:32.292  INFO 131733 --- [    Test worker] c.z.s.SpringmvcdemoApplicationTests      : Started SpringmvcdemoApplicationTests in 2.847 seconds (JVM running for 3.703)
]]></system-out>
  <system-err><![CDATA[]]></system-err>
</testsuite>
