<?xml version="1.0" encoding="UTF-8"?>
<testsuite name="cz.zk.springmvcdemo.SpringmvcdemoApplicationTests" tests="1" skipped="0" failures="0" errors="0" timestamp="2021-02-15T11:11:54" hostname="DESKTOP-Q6GNDJQ" time="0.252">
  <properties/>
  <testcase name="contextLoads()" classname="cz.zk.springmvcdemo.SpringmvcdemoApplicationTests" time="0.252"/>
  <system-out><![CDATA[12:11:49.290 [Test worker] DEBUG org.springframework.test.context.BootstrapUtils - Instantiating CacheAwareContextLoaderDelegate from class [org.springframework.test.context.cache.DefaultCacheAwareContextLoaderDelegate]
12:11:49.311 [Test worker] DEBUG org.springframework.test.context.BootstrapUtils - Instantiating BootstrapContext using constructor [public org.springframework.test.context.support.DefaultBootstrapContext(java.lang.Class,org.springframework.test.context.CacheAwareContextLoaderDelegate)]
12:11:49.353 [Test worker] DEBUG org.springframework.test.context.BootstrapUtils - Instantiating TestContextBootstrapper for test class [cz.zk.springmvcdemo.SpringmvcdemoApplicationTests] from class [org.springframework.boot.test.context.SpringBootTestContextBootstrapper]
12:11:49.370 [Test worker] INFO org.springframework.boot.test.context.SpringBootTestContextBootstrapper - Neither @ContextConfiguration nor @ContextHierarchy found for test class [cz.zk.springmvcdemo.SpringmvcdemoApplicationTests], using SpringBootContextLoader
12:11:49.376 [Test worker] DEBUG org.springframework.test.context.support.AbstractContextLoader - Did not detect default resource location for test class [cz.zk.springmvcdemo.SpringmvcdemoApplicationTests]: class path resource [cz/zk/springmvcdemo/SpringmvcdemoApplicationTests-context.xml] does not exist
12:11:49.376 [Test worker] DEBUG org.springframework.test.context.support.AbstractContextLoader - Did not detect default resource location for test class [cz.zk.springmvcdemo.SpringmvcdemoApplicationTests]: class path resource [cz/zk/springmvcdemo/SpringmvcdemoApplicationTestsContext.groovy] does not exist
12:11:49.376 [Test worker] INFO org.springframework.test.context.support.AbstractContextLoader - Could not detect default resource locations for test class [cz.zk.springmvcdemo.SpringmvcdemoApplicationTests]: no resource found for suffixes {-context.xml, Context.groovy}.
12:11:49.377 [Test worker] INFO org.springframework.test.context.support.AnnotationConfigContextLoaderUtils - Could not detect default configuration classes for test class [cz.zk.springmvcdemo.SpringmvcdemoApplicationTests]: SpringmvcdemoApplicationTests does not declare any static, non-private, non-final, nested classes annotated with @Configuration.
12:11:49.434 [Test worker] DEBUG org.springframework.test.context.support.ActiveProfilesUtils - Could not find an 'annotation declaring class' for annotation type [org.springframework.test.context.ActiveProfiles] and class [cz.zk.springmvcdemo.SpringmvcdemoApplicationTests]
12:11:49.511 [Test worker] DEBUG org.springframework.context.annotation.ClassPathScanningCandidateComponentProvider - Identified candidate component class: file [C:\Java\Projects\RTL\rtl-enabler-emu\mvc01\build\classes\java\main\cz\zk\springmvcdemo\SpringmvcdemoApplication.class]
12:11:49.514 [Test worker] INFO org.springframework.boot.test.context.SpringBootTestContextBootstrapper - Found @SpringBootConfiguration cz.zk.springmvcdemo.SpringmvcdemoApplication for test class cz.zk.springmvcdemo.SpringmvcdemoApplicationTests
12:11:49.643 [Test worker] DEBUG org.springframework.boot.test.context.SpringBootTestContextBootstrapper - @TestExecutionListeners is not present for class [cz.zk.springmvcdemo.SpringmvcdemoApplicationTests]: using defaults.
12:11:49.644 [Test worker] INFO org.springframework.boot.test.context.SpringBootTestContextBootstrapper - Loaded default TestExecutionListener class names from location [META-INF/spring.factories]: [org.springframework.boot.test.autoconfigure.restdocs.RestDocsTestExecutionListener, org.springframework.boot.test.autoconfigure.web.client.MockRestServiceServerResetTestExecutionListener, org.springframework.boot.test.autoconfigure.web.servlet.MockMvcPrintOnlyOnFailureTestExecutionListener, org.springframework.boot.test.autoconfigure.web.servlet.WebDriverTestExecutionListener, org.springframework.boot.test.autoconfigure.webservices.client.MockWebServiceServerTestExecutionListener, org.springframework.boot.test.mock.mockito.MockitoTestExecutionListener, org.springframework.boot.test.mock.mockito.ResetMocksTestExecutionListener, org.springframework.test.context.web.ServletTestExecutionListener, org.springframework.test.context.support.DirtiesContextBeforeModesTestExecutionListener, org.springframework.test.context.support.DependencyInjectionTestExecutionListener, org.springframework.test.context.support.DirtiesContextTestExecutionListener, org.springframework.test.context.transaction.TransactionalTestExecutionListener, org.springframework.test.context.jdbc.SqlScriptsTestExecutionListener, org.springframework.test.context.event.EventPublishingTestExecutionListener]
12:11:49.667 [Test worker] INFO org.springframework.boot.test.context.SpringBootTestContextBootstrapper - Using TestExecutionListeners: [org.springframework.test.context.web.ServletTestExecutionListener@3c6b3665, org.springframework.test.context.support.DirtiesContextBeforeModesTestExecutionListener@605eda97, org.springframework.boot.test.mock.mockito.MockitoTestExecutionListener@515f9bad, org.springframework.boot.test.autoconfigure.SpringBootDependencyInjectionTestExecutionListener@2b48d1a6, org.springframework.test.context.support.DirtiesContextTestExecutionListener@4ef502b4, org.springframework.test.context.transaction.TransactionalTestExecutionListener@5869f39f, org.springframework.test.context.jdbc.SqlScriptsTestExecutionListener@754699cc, org.springframework.test.context.event.EventPublishingTestExecutionListener@186eb323, org.springframework.boot.test.autoconfigure.restdocs.RestDocsTestExecutionListener@7ee8e238, org.springframework.boot.test.autoconfigure.web.client.MockRestServiceServerResetTestExecutionListener@698a0371, org.springframework.boot.test.autoconfigure.web.servlet.MockMvcPrintOnlyOnFailureTestExecutionListener@28437f75, org.springframework.boot.test.autoconfigure.web.servlet.WebDriverTestExecutionListener@455926f5, org.springframework.boot.test.autoconfigure.webservices.client.MockWebServiceServerTestExecutionListener@7c19e544, org.springframework.boot.test.mock.mockito.ResetMocksTestExecutionListener@45b1f03d]
12:11:49.672 [Test worker] DEBUG org.springframework.test.context.support.AbstractDirtiesContextTestExecutionListener - Before test class: context [DefaultTestContext@60036fc2 testClass = SpringmvcdemoApplicationTests, testInstance = [null], testMethod = [null], testException = [null], mergedContextConfiguration = [WebMergedContextConfiguration@66b54ce3 testClass = SpringmvcdemoApplicationTests, locations = '{}', classes = '{class cz.zk.springmvcdemo.SpringmvcdemoApplication}', contextInitializerClasses = '[]', activeProfiles = '{}', propertySourceLocations = '{}', propertySourceProperties = '{org.springframework.boot.test.context.SpringBootTestContextBootstrapper=true}', contextCustomizers = set[org.springframework.boot.test.autoconfigure.actuate.metrics.MetricsExportContextCustomizerFactory$DisableMetricExportContextCustomizer@42501915, org.springframework.boot.test.autoconfigure.properties.PropertyMappingContextCustomizer@0, org.springframework.boot.test.autoconfigure.web.servlet.WebDriverContextCustomizerFactory$Customizer@6875c8c3, org.springframework.boot.test.context.filter.ExcludeFilterContextCustomizer@1b9554ca, org.springframework.boot.test.json.DuplicateJsonObjectContextCustomizerFactory$DuplicateJsonObjectContextCustomizer@69724a9e, org.springframework.boot.test.mock.mockito.MockitoContextCustomizer@0, org.springframework.boot.test.web.client.TestRestTemplateContextCustomizer@39ef10ce, org.springframework.boot.test.web.reactive.server.WebTestClientContextCustomizer@408fb9a9, org.springframework.boot.test.context.SpringBootTestArgs@1, org.springframework.boot.test.context.SpringBootTestWebEnvironment@699c9633], resourceBasePath = 'src/main/webapp', contextLoader = 'org.springframework.boot.test.context.SpringBootContextLoader', parent = [null]], attributes = map['org.springframework.test.context.web.ServletTestExecutionListener.activateListener' -> true]], class annotated with @DirtiesContext [false] with mode [null].
12:11:49.717 [Test worker] DEBUG org.springframework.test.context.support.TestPropertySourceUtils - Adding inlined properties to environment: {spring.jmx.enabled=false, org.springframework.boot.test.context.SpringBootTestContextBootstrapper=true}

    ____   ______    __           ____             _        __                  ______                        __           __
   / __ \ /_  __/   / /          / __ \  __  __   (_)  ____/ /  ____           / ____/   ____ ___   __  __   / /  ____ _  / /_  ____    _____
  / /_/ /  / /     / /   ______ / / / / / / / /  / /  / __  /  / __ \         / __/     / __ `__ \ / / / /  / /  / __ `/ / __/ / __ \  / ___/
 / _, _/  / /     / /___/_____// /_/ / / /_/ /  / /  / /_/ /  / /_/ /        / /___    / / / / / // /_/ /  / /  / /_/ / / /_  / /_/ / / /
/_/ |_|  /_/     /_____/       \___\_\ \__,_/  /_/   \__,_/   \____/        /_____/   /_/ /_/ /_/ \__,_/  /_/   \__,_/  \__/  \____/ /_/


2021-02-15 12:11:50.011  INFO 12920 --- [    Test worker] c.z.s.SpringmvcdemoApplicationTests      : Starting SpringmvcdemoApplicationTests using Java 1.8.0_201 on DESKTOP-Q6GNDJQ with PID 12920 (started by z-kla in C:\Java\Projects\RTL\rtl-enabler-emu\mvc01)
2021-02-15 12:11:50.013  INFO 12920 --- [    Test worker] c.z.s.SpringmvcdemoApplicationTests      : No active profile set, falling back to default profiles: default
2021-02-15 12:11:51.209  INFO 12920 --- [    Test worker] faultConfiguringBeanFactoryPostProcessor : No bean named 'errorChannel' has been explicitly defined. Therefore, a default PublishSubscribeChannel will be created.
2021-02-15 12:11:51.223  INFO 12920 --- [    Test worker] faultConfiguringBeanFactoryPostProcessor : No bean named 'integrationHeaderChannelRegistry' has been explicitly defined. Therefore, a default DefaultHeaderChannelRegistry will be created.
2021-02-15 12:11:51.309  INFO 12920 --- [    Test worker] trationDelegate$BeanPostProcessorChecker : Bean 'integrationChannelResolver' of type [org.springframework.integration.support.channel.BeanFactoryChannelResolver] is not eligible for getting processed by all BeanPostProcessors (for example: not eligible for auto-proxying)
2021-02-15 12:11:51.314  INFO 12920 --- [    Test worker] trationDelegate$BeanPostProcessorChecker : Bean 'integrationDisposableAutoCreatedBeans' of type [org.springframework.integration.config.annotation.Disposables] is not eligible for getting processed by all BeanPostProcessors (for example: not eligible for auto-proxying)
2021-02-15 12:11:51.348  INFO 12920 --- [    Test worker] trationDelegate$BeanPostProcessorChecker : Bean 'org.springframework.integration.config.IntegrationManagementConfiguration' of type [org.springframework.integration.config.IntegrationManagementConfiguration] is not eligible for getting processed by all BeanPostProcessors (for example: not eligible for auto-proxying)
2021-02-15 12:11:52.624  INFO 12920 --- [    Test worker] o.s.s.concurrent.ThreadPoolTaskExecutor  : Initializing ExecutorService 'applicationTaskExecutor'
2021-02-15 12:11:53.567  INFO 12920 --- [    Test worker] o.s.s.c.ThreadPoolTaskScheduler          : Initializing ExecutorService 'taskScheduler'
2021-02-15 12:11:53.706  INFO 12920 --- [    Test worker] o.s.b.a.e.web.EndpointLinksResolver      : Exposing 14 endpoint(s) beneath base path '/actuator'
2021-02-15 12:11:54.029  INFO 12920 --- [    Test worker] o.s.i.endpoint.EventDrivenConsumer       : Adding {logging-channel-adapter:_org.springframework.integration.errorLogger} as a subscriber to the 'errorChannel' channel
2021-02-15 12:11:54.029  INFO 12920 --- [    Test worker] o.s.i.channel.PublishSubscribeChannel    : Channel 'application.errorChannel' has 1 subscriber(s).
2021-02-15 12:11:54.029  INFO 12920 --- [    Test worker] o.s.i.endpoint.EventDrivenConsumer       : started bean '_org.springframework.integration.errorLogger'
2021-02-15 12:11:54.030  INFO 12920 --- [    Test worker] o.s.i.endpoint.EventDrivenConsumer       : Adding {service-activator:udpInboundMessageHandler.handleMessage.serviceActivator} as a subscriber to the 'udpPort7777' channel
2021-02-15 12:11:54.030  INFO 12920 --- [    Test worker] o.s.integration.channel.DirectChannel    : Channel 'application.udpPort7777' has 1 subscriber(s).
2021-02-15 12:11:54.030  INFO 12920 --- [    Test worker] o.s.i.endpoint.EventDrivenConsumer       : started bean 'udpInboundMessageHandler.handleMessage.serviceActivator'
2021-02-15 12:11:54.030  INFO 12920 --- [    Test worker] o.s.i.endpoint.EventDrivenConsumer       : Adding {service-activator:udpInboundMessageHandler.handleMessage8888.serviceActivator} as a subscriber to the 'udpPort8888' channel
2021-02-15 12:11:54.030  INFO 12920 --- [    Test worker] o.s.integration.channel.DirectChannel    : Channel 'application.udpPort8888' has 1 subscriber(s).
2021-02-15 12:11:54.030  INFO 12920 --- [    Test worker] o.s.i.endpoint.EventDrivenConsumer       : started bean 'udpInboundMessageHandler.handleMessage8888.serviceActivator'
2021-02-15 12:11:54.031  INFO 12920 --- [    Test worker] o.s.i.i.u.UnicastReceivingChannelAdapter : started bean 'udpReceivingAdapter7777'; defined in: 'class path resource [cz/zk/springmvcdemo/configuration/UdpConfig.class]'; from source: 'org.springframework.core.type.classreading.SimpleMethodMetadata@5d796a61'
2021-02-15 12:11:54.032  INFO 12920 --- [    Test worker] o.s.i.i.u.UnicastReceivingChannelAdapter : started bean 'udpReceivingAdapter8888'; defined in: 'class path resource [cz/zk/springmvcdemo/configuration/UdpConfig.class]'; from source: 'org.springframework.core.type.classreading.SimpleMethodMetadata@7200f2d'
2021-02-15 12:11:54.074  INFO 12920 --- [    Test worker] c.z.s.SpringmvcdemoApplicationTests      : Started SpringmvcdemoApplicationTests in 4.35 seconds (JVM running for 5.856)
]]></system-out>
  <system-err><![CDATA[]]></system-err>
</testsuite>
