<?xml version="1.0" encoding="UTF-8"?>
<testsuite name="cz.zk.springmvcdemo.SpringmvcdemoApplicationTests" tests="1" skipped="0" failures="0" errors="0" timestamp="2020-12-01T17:46:03" hostname="zdenek-desktop" time="0.181">
  <properties/>
  <testcase name="contextLoads()" classname="cz.zk.springmvcdemo.SpringmvcdemoApplicationTests" time="0.181"/>
  <system-out><![CDATA[18:46:01.802 [Test worker] DEBUG org.springframework.test.context.BootstrapUtils - Instantiating CacheAwareContextLoaderDelegate from class [org.springframework.test.context.cache.DefaultCacheAwareContextLoaderDelegate]
18:46:01.814 [Test worker] DEBUG org.springframework.test.context.BootstrapUtils - Instantiating BootstrapContext using constructor [public org.springframework.test.context.support.DefaultBootstrapContext(java.lang.Class,org.springframework.test.context.CacheAwareContextLoaderDelegate)]
18:46:01.840 [Test worker] DEBUG org.springframework.test.context.BootstrapUtils - Instantiating TestContextBootstrapper for test class [cz.zk.springmvcdemo.SpringmvcdemoApplicationTests] from class [org.springframework.boot.test.context.SpringBootTestContextBootstrapper]
18:46:01.848 [Test worker] INFO org.springframework.boot.test.context.SpringBootTestContextBootstrapper - Neither @ContextConfiguration nor @ContextHierarchy found for test class [cz.zk.springmvcdemo.SpringmvcdemoApplicationTests], using SpringBootContextLoader
18:46:01.851 [Test worker] DEBUG org.springframework.test.context.support.AbstractContextLoader - Did not detect default resource location for test class [cz.zk.springmvcdemo.SpringmvcdemoApplicationTests]: class path resource [cz/zk/springmvcdemo/SpringmvcdemoApplicationTests-context.xml] does not exist
18:46:01.852 [Test worker] DEBUG org.springframework.test.context.support.AbstractContextLoader - Did not detect default resource location for test class [cz.zk.springmvcdemo.SpringmvcdemoApplicationTests]: class path resource [cz/zk/springmvcdemo/SpringmvcdemoApplicationTestsContext.groovy] does not exist
18:46:01.852 [Test worker] INFO org.springframework.test.context.support.AbstractContextLoader - Could not detect default resource locations for test class [cz.zk.springmvcdemo.SpringmvcdemoApplicationTests]: no resource found for suffixes {-context.xml, Context.groovy}.
18:46:01.853 [Test worker] INFO org.springframework.test.context.support.AnnotationConfigContextLoaderUtils - Could not detect default configuration classes for test class [cz.zk.springmvcdemo.SpringmvcdemoApplicationTests]: SpringmvcdemoApplicationTests does not declare any static, non-private, non-final, nested classes annotated with @Configuration.
18:46:01.885 [Test worker] DEBUG org.springframework.test.context.support.ActiveProfilesUtils - Could not find an 'annotation declaring class' for annotation type [org.springframework.test.context.ActiveProfiles] and class [cz.zk.springmvcdemo.SpringmvcdemoApplicationTests]
18:46:01.938 [Test worker] DEBUG org.springframework.context.annotation.ClassPathScanningCandidateComponentProvider - Identified candidate component class: file [/home/zdenek/java/proj/zdenda/spring/rtl-enabler-emu/build/classes/java/main/cz/zk/springmvcdemo/SpringmvcdemoApplication.class]
18:46:01.940 [Test worker] INFO org.springframework.boot.test.context.SpringBootTestContextBootstrapper - Found @SpringBootConfiguration cz.zk.springmvcdemo.SpringmvcdemoApplication for test class cz.zk.springmvcdemo.SpringmvcdemoApplicationTests
18:46:02.026 [Test worker] DEBUG org.springframework.boot.test.context.SpringBootTestContextBootstrapper - @TestExecutionListeners is not present for class [cz.zk.springmvcdemo.SpringmvcdemoApplicationTests]: using defaults.
18:46:02.026 [Test worker] INFO org.springframework.boot.test.context.SpringBootTestContextBootstrapper - Loaded default TestExecutionListener class names from location [META-INF/spring.factories]: [org.springframework.boot.test.autoconfigure.restdocs.RestDocsTestExecutionListener, org.springframework.boot.test.autoconfigure.web.client.MockRestServiceServerResetTestExecutionListener, org.springframework.boot.test.autoconfigure.web.servlet.MockMvcPrintOnlyOnFailureTestExecutionListener, org.springframework.boot.test.autoconfigure.web.servlet.WebDriverTestExecutionListener, org.springframework.boot.test.autoconfigure.webservices.client.MockWebServiceServerTestExecutionListener, org.springframework.boot.test.mock.mockito.MockitoTestExecutionListener, org.springframework.boot.test.mock.mockito.ResetMocksTestExecutionListener, org.springframework.test.context.web.ServletTestExecutionListener, org.springframework.test.context.support.DirtiesContextBeforeModesTestExecutionListener, org.springframework.test.context.support.DependencyInjectionTestExecutionListener, org.springframework.test.context.support.DirtiesContextTestExecutionListener, org.springframework.test.context.transaction.TransactionalTestExecutionListener, org.springframework.test.context.jdbc.SqlScriptsTestExecutionListener, org.springframework.test.context.event.EventPublishingTestExecutionListener]
18:46:02.035 [Test worker] DEBUG org.springframework.boot.test.context.SpringBootTestContextBootstrapper - Skipping candidate TestExecutionListener [org.springframework.test.context.transaction.TransactionalTestExecutionListener] due to a missing dependency. Specify custom listener classes or make the default listener classes and their required dependencies available. Offending class: [org/springframework/transaction/TransactionDefinition]
18:46:02.035 [Test worker] DEBUG org.springframework.boot.test.context.SpringBootTestContextBootstrapper - Skipping candidate TestExecutionListener [org.springframework.test.context.jdbc.SqlScriptsTestExecutionListener] due to a missing dependency. Specify custom listener classes or make the default listener classes and their required dependencies available. Offending class: [org/springframework/transaction/interceptor/TransactionAttribute]
18:46:02.036 [Test worker] INFO org.springframework.boot.test.context.SpringBootTestContextBootstrapper - Using TestExecutionListeners: [org.springframework.test.context.web.ServletTestExecutionListener@2c90bfba, org.springframework.test.context.support.DirtiesContextBeforeModesTestExecutionListener@405d3202, org.springframework.boot.test.mock.mockito.MockitoTestExecutionListener@2099c521, org.springframework.boot.test.autoconfigure.SpringBootDependencyInjectionTestExecutionListener@39ae03c9, org.springframework.test.context.support.DirtiesContextTestExecutionListener@106a0629, org.springframework.test.context.event.EventPublishingTestExecutionListener@390efb04, org.springframework.boot.test.autoconfigure.restdocs.RestDocsTestExecutionListener@575081c9, org.springframework.boot.test.autoconfigure.web.client.MockRestServiceServerResetTestExecutionListener@1ea960a1, org.springframework.boot.test.autoconfigure.web.servlet.MockMvcPrintOnlyOnFailureTestExecutionListener@5e326613, org.springframework.boot.test.autoconfigure.web.servlet.WebDriverTestExecutionListener@10aa600a, org.springframework.boot.test.autoconfigure.webservices.client.MockWebServiceServerTestExecutionListener@43a7f51f, org.springframework.boot.test.mock.mockito.ResetMocksTestExecutionListener@16de39a2]
18:46:02.039 [Test worker] DEBUG org.springframework.test.context.support.AbstractDirtiesContextTestExecutionListener - Before test class: context [DefaultTestContext@18f0164c testClass = SpringmvcdemoApplicationTests, testInstance = [null], testMethod = [null], testException = [null], mergedContextConfiguration = [WebMergedContextConfiguration@4307b8ac testClass = SpringmvcdemoApplicationTests, locations = '{}', classes = '{class cz.zk.springmvcdemo.SpringmvcdemoApplication}', contextInitializerClasses = '[]', activeProfiles = '{}', propertySourceLocations = '{}', propertySourceProperties = '{org.springframework.boot.test.context.SpringBootTestContextBootstrapper=true}', contextCustomizers = set[org.springframework.boot.test.autoconfigure.actuate.metrics.MetricsExportContextCustomizerFactory$DisableMetricExportContextCustomizer@4ab4791e, org.springframework.boot.test.autoconfigure.properties.PropertyMappingContextCustomizer@0, org.springframework.boot.test.autoconfigure.web.servlet.WebDriverContextCustomizerFactory$Customizer@60629309, org.springframework.boot.test.context.filter.ExcludeFilterContextCustomizer@caa928f, org.springframework.boot.test.json.DuplicateJsonObjectContextCustomizerFactory$DuplicateJsonObjectContextCustomizer@53414cbf, org.springframework.boot.test.mock.mockito.MockitoContextCustomizer@0, org.springframework.boot.test.web.client.TestRestTemplateContextCustomizer@23d44850, org.springframework.boot.test.web.reactive.server.WebTestClientContextCustomizer@5c7d94ea, org.springframework.boot.test.context.SpringBootTestArgs@1, org.springframework.boot.test.context.SpringBootTestWebEnvironment@21cfd358], resourceBasePath = 'src/main/webapp', contextLoader = 'org.springframework.boot.test.context.SpringBootContextLoader', parent = [null]], attributes = map['org.springframework.test.context.web.ServletTestExecutionListener.activateListener' -> true]], class annotated with @DirtiesContext [false] with mode [null].
18:46:02.078 [Test worker] DEBUG org.springframework.test.context.support.TestPropertySourceUtils - Adding inlined properties to environment: {spring.jmx.enabled=false, org.springframework.boot.test.context.SpringBootTestContextBootstrapper=true}

  .   ____          _            __ _ _
 /\\ / ___'_ __ _ _(_)_ __  __ _ \ \ \ \
( ( )\___ | '_ | '_| | '_ \/ _` | \ \ \ \
 \\/  ___)| |_)| | | | | || (_| |  ) ) ) )
  '  |____| .__|_| |_|_| |_\__, | / / / /
 =========|_|==============|___/=/_/_/_/
 :: Spring Boot ::                (v2.4.0)

2020-12-01 18:46:02.285  INFO 39386 --- [    Test worker] c.z.s.SpringmvcdemoApplicationTests      : Starting SpringmvcdemoApplicationTests using Java 1.8.0_271 on zdenek-desktop with PID 39386 (started by zdenek in /home/zdenek/java/proj/zdenda/spring/rtl-enabler-emu)
2020-12-01 18:46:02.290  INFO 39386 --- [    Test worker] c.z.s.SpringmvcdemoApplicationTests      : No active profile set, falling back to default profiles: default
2020-12-01 18:46:03.508  INFO 39386 --- [    Test worker] o.s.s.concurrent.ThreadPoolTaskExecutor  : Initializing ExecutorService 'applicationTaskExecutor'
2020-12-01 18:46:03.865  INFO 39386 --- [    Test worker] c.z.s.SpringmvcdemoApplicationTests      : Started SpringmvcdemoApplicationTests in 1.78 seconds (JVM running for 2.608)
]]></system-out>
  <system-err><![CDATA[]]></system-err>
</testsuite>
