<?xml version="1.0" encoding="UTF-8"?>
<testsuite name="cz.zk.springmvcdemo.SpringmvcdemoApplicationTests" tests="1" skipped="0" failures="0" errors="0" timestamp="2020-11-30T08:17:51" hostname="DESKTOP-Q6GNDJQ" time="0.227">
  <properties/>
  <testcase name="contextLoads()" classname="cz.zk.springmvcdemo.SpringmvcdemoApplicationTests" time="0.227"/>
  <system-out><![CDATA[09:17:47.989 [Test worker] DEBUG org.springframework.test.context.BootstrapUtils - Instantiating CacheAwareContextLoaderDelegate from class [org.springframework.test.context.cache.DefaultCacheAwareContextLoaderDelegate]
09:17:48.008 [Test worker] DEBUG org.springframework.test.context.BootstrapUtils - Instantiating BootstrapContext using constructor [public org.springframework.test.context.support.DefaultBootstrapContext(java.lang.Class,org.springframework.test.context.CacheAwareContextLoaderDelegate)]
09:17:48.047 [Test worker] DEBUG org.springframework.test.context.BootstrapUtils - Instantiating TestContextBootstrapper for test class [cz.zk.springmvcdemo.SpringmvcdemoApplicationTests] from class [org.springframework.boot.test.context.SpringBootTestContextBootstrapper]
09:17:48.062 [Test worker] INFO org.springframework.boot.test.context.SpringBootTestContextBootstrapper - Neither @ContextConfiguration nor @ContextHierarchy found for test class [cz.zk.springmvcdemo.SpringmvcdemoApplicationTests], using SpringBootContextLoader
09:17:48.067 [Test worker] DEBUG org.springframework.test.context.support.AbstractContextLoader - Did not detect default resource location for test class [cz.zk.springmvcdemo.SpringmvcdemoApplicationTests]: class path resource [cz/zk/springmvcdemo/SpringmvcdemoApplicationTests-context.xml] does not exist
09:17:48.068 [Test worker] DEBUG org.springframework.test.context.support.AbstractContextLoader - Did not detect default resource location for test class [cz.zk.springmvcdemo.SpringmvcdemoApplicationTests]: class path resource [cz/zk/springmvcdemo/SpringmvcdemoApplicationTestsContext.groovy] does not exist
09:17:48.068 [Test worker] INFO org.springframework.test.context.support.AbstractContextLoader - Could not detect default resource locations for test class [cz.zk.springmvcdemo.SpringmvcdemoApplicationTests]: no resource found for suffixes {-context.xml, Context.groovy}.
09:17:48.069 [Test worker] INFO org.springframework.test.context.support.AnnotationConfigContextLoaderUtils - Could not detect default configuration classes for test class [cz.zk.springmvcdemo.SpringmvcdemoApplicationTests]: SpringmvcdemoApplicationTests does not declare any static, non-private, non-final, nested classes annotated with @Configuration.
09:17:48.120 [Test worker] DEBUG org.springframework.test.context.support.ActiveProfilesUtils - Could not find an 'annotation declaring class' for annotation type [org.springframework.test.context.ActiveProfiles] and class [cz.zk.springmvcdemo.SpringmvcdemoApplicationTests]
09:17:48.195 [Test worker] DEBUG org.springframework.context.annotation.ClassPathScanningCandidateComponentProvider - Identified candidate component class: file [C:\Java\Projects\Zdenda\SpringTests\mvc\mvc01\build\classes\java\main\cz\zk\springmvcdemo\SpringmvcdemoApplication.class]
09:17:48.199 [Test worker] INFO org.springframework.boot.test.context.SpringBootTestContextBootstrapper - Found @SpringBootConfiguration cz.zk.springmvcdemo.SpringmvcdemoApplication for test class cz.zk.springmvcdemo.SpringmvcdemoApplicationTests
09:17:48.352 [Test worker] DEBUG org.springframework.boot.test.context.SpringBootTestContextBootstrapper - @TestExecutionListeners is not present for class [cz.zk.springmvcdemo.SpringmvcdemoApplicationTests]: using defaults.
09:17:48.354 [Test worker] INFO org.springframework.boot.test.context.SpringBootTestContextBootstrapper - Loaded default TestExecutionListener class names from location [META-INF/spring.factories]: [org.springframework.boot.test.autoconfigure.restdocs.RestDocsTestExecutionListener, org.springframework.boot.test.autoconfigure.web.client.MockRestServiceServerResetTestExecutionListener, org.springframework.boot.test.autoconfigure.web.servlet.MockMvcPrintOnlyOnFailureTestExecutionListener, org.springframework.boot.test.autoconfigure.web.servlet.WebDriverTestExecutionListener, org.springframework.boot.test.autoconfigure.webservices.client.MockWebServiceServerTestExecutionListener, org.springframework.boot.test.mock.mockito.MockitoTestExecutionListener, org.springframework.boot.test.mock.mockito.ResetMocksTestExecutionListener, org.springframework.test.context.web.ServletTestExecutionListener, org.springframework.test.context.support.DirtiesContextBeforeModesTestExecutionListener, org.springframework.test.context.support.DependencyInjectionTestExecutionListener, org.springframework.test.context.support.DirtiesContextTestExecutionListener, org.springframework.test.context.transaction.TransactionalTestExecutionListener, org.springframework.test.context.jdbc.SqlScriptsTestExecutionListener, org.springframework.test.context.event.EventPublishingTestExecutionListener]
09:17:48.374 [Test worker] DEBUG org.springframework.boot.test.context.SpringBootTestContextBootstrapper - Skipping candidate TestExecutionListener [org.springframework.test.context.transaction.TransactionalTestExecutionListener] due to a missing dependency. Specify custom listener classes or make the default listener classes and their required dependencies available. Offending class: [org/springframework/transaction/interceptor/TransactionAttributeSource]
09:17:48.375 [Test worker] DEBUG org.springframework.boot.test.context.SpringBootTestContextBootstrapper - Skipping candidate TestExecutionListener [org.springframework.test.context.jdbc.SqlScriptsTestExecutionListener] due to a missing dependency. Specify custom listener classes or make the default listener classes and their required dependencies available. Offending class: [org/springframework/transaction/interceptor/TransactionAttribute]
09:17:48.375 [Test worker] INFO org.springframework.boot.test.context.SpringBootTestContextBootstrapper - Using TestExecutionListeners: [org.springframework.test.context.web.ServletTestExecutionListener@5d79ad3f, org.springframework.test.context.support.DirtiesContextBeforeModesTestExecutionListener@4587b8b0, org.springframework.boot.test.mock.mockito.MockitoTestExecutionListener@690326a1, org.springframework.boot.test.autoconfigure.SpringBootDependencyInjectionTestExecutionListener@76edb500, org.springframework.test.context.support.DirtiesContextTestExecutionListener@66edeeb7, org.springframework.test.context.event.EventPublishingTestExecutionListener@1e5788e2, org.springframework.boot.test.autoconfigure.restdocs.RestDocsTestExecutionListener@6e1193a7, org.springframework.boot.test.autoconfigure.web.client.MockRestServiceServerResetTestExecutionListener@75cf6ed0, org.springframework.boot.test.autoconfigure.web.servlet.MockMvcPrintOnlyOnFailureTestExecutionListener@7cdebe88, org.springframework.boot.test.autoconfigure.web.servlet.WebDriverTestExecutionListener@5e6c3969, org.springframework.boot.test.autoconfigure.webservices.client.MockWebServiceServerTestExecutionListener@3c0205a8, org.springframework.boot.test.mock.mockito.ResetMocksTestExecutionListener@32355516]
09:17:48.380 [Test worker] DEBUG org.springframework.test.context.support.AbstractDirtiesContextTestExecutionListener - Before test class: context [DefaultTestContext@3de71f62 testClass = SpringmvcdemoApplicationTests, testInstance = [null], testMethod = [null], testException = [null], mergedContextConfiguration = [WebMergedContextConfiguration@1b139af8 testClass = SpringmvcdemoApplicationTests, locations = '{}', classes = '{class cz.zk.springmvcdemo.SpringmvcdemoApplication}', contextInitializerClasses = '[]', activeProfiles = '{}', propertySourceLocations = '{}', propertySourceProperties = '{org.springframework.boot.test.context.SpringBootTestContextBootstrapper=true}', contextCustomizers = set[org.springframework.boot.test.autoconfigure.actuate.metrics.MetricsExportContextCustomizerFactory$DisableMetricExportContextCustomizer@1c7db686, org.springframework.boot.test.autoconfigure.properties.PropertyMappingContextCustomizer@0, org.springframework.boot.test.autoconfigure.web.servlet.WebDriverContextCustomizerFactory$Customizer@d46c453, org.springframework.boot.test.context.filter.ExcludeFilterContextCustomizer@3454a7bf, org.springframework.boot.test.json.DuplicateJsonObjectContextCustomizerFactory$DuplicateJsonObjectContextCustomizer@6672bd43, org.springframework.boot.test.mock.mockito.MockitoContextCustomizer@0, org.springframework.boot.test.web.client.TestRestTemplateContextCustomizer@2f9fc4a2, org.springframework.boot.test.web.reactive.server.WebTestClientContextCustomizer@60aa4c78, org.springframework.boot.test.context.SpringBootTestArgs@1, org.springframework.boot.test.context.SpringBootTestWebEnvironment@78bd2621], resourceBasePath = 'src/main/webapp', contextLoader = 'org.springframework.boot.test.context.SpringBootContextLoader', parent = [null]], attributes = map['org.springframework.test.context.web.ServletTestExecutionListener.activateListener' -> true]], class annotated with @DirtiesContext [false] with mode [null].
09:17:48.422 [Test worker] DEBUG org.springframework.test.context.support.TestPropertySourceUtils - Adding inlined properties to environment: {spring.jmx.enabled=false, org.springframework.boot.test.context.SpringBootTestContextBootstrapper=true}

  .   ____          _            __ _ _
 /\\ / ___'_ __ _ _(_)_ __  __ _ \ \ \ \
( ( )\___ | '_ | '_| | '_ \/ _` | \ \ \ \
 \\/  ___)| |_)| | | | | || (_| |  ) ) ) )
  '  |____| .__|_| |_|_| |_\__, | / / / /
 =========|_|==============|___/=/_/_/_/
 :: Spring Boot ::                (v2.4.0)

2020-11-30 09:17:48.727  INFO 17180 --- [    Test worker] c.z.s.SpringmvcdemoApplicationTests      : Starting SpringmvcdemoApplicationTests using Java 1.8.0_201 on DESKTOP-Q6GNDJQ with PID 17180 (started by z-kla in C:\Java\Projects\Zdenda\SpringTests\mvc\mvc01)
2020-11-30 09:17:48.757  INFO 17180 --- [    Test worker] c.z.s.SpringmvcdemoApplicationTests      : No active profile set, falling back to default profiles: default
2020-11-30 09:17:50.366  INFO 17180 --- [    Test worker] o.s.s.concurrent.ThreadPoolTaskExecutor  : Initializing ExecutorService 'applicationTaskExecutor'
2020-11-30 09:17:51.053  INFO 17180 --- [    Test worker] c.z.s.SpringmvcdemoApplicationTests      : Started SpringmvcdemoApplicationTests in 2.623 seconds (JVM running for 4.05)
]]></system-out>
  <system-err><![CDATA[]]></system-err>
</testsuite>
